2021-12-19 17:18:02.631 [main] ERROR org.springframework.boot.SpringApplication-Application run failed
java.lang.IllegalStateException: java.lang.IllegalStateException: Logback configuration error detected: 
ERROR in ch.qos.logback.core.joran.action.AppenderRefAction - Could not find an appender named [CONSOLE]. Did you define it below instead of above in the configuration file?
ERROR in ch.qos.logback.core.joran.action.AppenderRefAction - See http://logback.qos.ch/codes.html#appender_order for more details.
ERROR in ch.qos.logback.core.joran.action.AppenderRefAction - Could not find an appender named [CONSOLE]. Did you define it below instead of above in the configuration file?
ERROR in ch.qos.logback.core.joran.action.AppenderRefAction - See http://logback.qos.ch/codes.html#appender_order for more details.
	at org.springframework.boot.context.logging.LoggingApplicationListener.initializeSystem(LoggingApplicationListener.java:317)
	at org.springframework.boot.context.logging.LoggingApplicationListener.initialize(LoggingApplicationListener.java:281)
	at org.springframework.boot.context.logging.LoggingApplicationListener.onApplicationEnvironmentPreparedEvent(LoggingApplicationListener.java:239)
	at org.springframework.boot.context.logging.LoggingApplicationListener.onApplicationEvent(LoggingApplicationListener.java:216)
	at org.springframework.context.event.SimpleApplicationEventMulticaster.doInvokeListener(SimpleApplicationEventMulticaster.java:172)
	at org.springframework.context.event.SimpleApplicationEventMulticaster.invokeListener(SimpleApplicationEventMulticaster.java:165)
	at org.springframework.context.event.SimpleApplicationEventMulticaster.multicastEvent(SimpleApplicationEventMulticaster.java:139)
	at org.springframework.context.event.SimpleApplicationEventMulticaster.multicastEvent(SimpleApplicationEventMulticaster.java:127)
	at org.springframework.boot.context.event.EventPublishingRunListener.environmentPrepared(EventPublishingRunListener.java:80)
	at org.springframework.boot.SpringApplicationRunListeners.environmentPrepared(SpringApplicationRunListeners.java:53)
	at org.springframework.boot.SpringApplication.prepareEnvironment(SpringApplication.java:345)
	at org.springframework.boot.SpringApplication.run(SpringApplication.java:308)
	at org.springframework.boot.SpringApplication.run(SpringApplication.java:1237)
	at org.springframework.boot.SpringApplication.run(SpringApplication.java:1226)
	at com.lx.mall.MallApplication.main(MallApplication.java:10)
Caused by: java.lang.IllegalStateException: Logback configuration error detected: 
ERROR in ch.qos.logback.core.joran.action.AppenderRefAction - Could not find an appender named [CONSOLE]. Did you define it below instead of above in the configuration file?
ERROR in ch.qos.logback.core.joran.action.AppenderRefAction - See http://logback.qos.ch/codes.html#appender_order for more details.
ERROR in ch.qos.logback.core.joran.action.AppenderRefAction - Could not find an appender named [CONSOLE]. Did you define it below instead of above in the configuration file?
ERROR in ch.qos.logback.core.joran.action.AppenderRefAction - See http://logback.qos.ch/codes.html#appender_order for more details.
	at org.springframework.boot.logging.logback.LogbackLoggingSystem.loadConfiguration(LogbackLoggingSystem.java:169)
	at org.springframework.boot.logging.AbstractLoggingSystem.initializeWithSpecificConfig(AbstractLoggingSystem.java:66)
	at org.springframework.boot.logging.AbstractLoggingSystem.initialize(AbstractLoggingSystem.java:57)
	at org.springframework.boot.logging.logback.LogbackLoggingSystem.initialize(LogbackLoggingSystem.java:118)
	at org.springframework.boot.context.logging.LoggingApplicationListener.initializeSystem(LoggingApplicationListener.java:311)
	... 14 common frames omitted
2021-12-19 17:18:43.241 [main] INFO  com.lx.mall.MallApplication-Starting MallApplication on DESKTOP-EHPF37S with PID 13696 (C:\Users\GEUEK\IdeaProjects\mall\target\classes started by GEUEK in C:\Users\GEUEK\IdeaProjects\mall)
2021-12-19 17:18:43.244 [main] INFO  com.lx.mall.MallApplication-No active profile set, falling back to default profiles: default
2021-12-19 17:18:44.505 [main] INFO  o.s.boot.web.embedded.tomcat.TomcatWebServer-Tomcat initialized with port(s): 8080 (http)
2021-12-19 17:18:44.511 [main] INFO  org.apache.coyote.http11.Http11NioProtocol-Initializing ProtocolHandler ["http-nio-8080"]
2021-12-19 17:18:44.512 [main] INFO  org.apache.catalina.core.StandardService-Starting service [Tomcat]
2021-12-19 17:18:44.512 [main] INFO  org.apache.catalina.core.StandardEngine-Starting Servlet engine: [Apache Tomcat/9.0.35]
2021-12-19 17:18:44.571 [main] INFO  o.a.c.core.ContainerBase.[Tomcat].[localhost].[/]-Initializing Spring embedded WebApplicationContext
2021-12-19 17:18:44.571 [main] INFO  org.springframework.web.context.ContextLoader-Root WebApplicationContext: initialization completed in 1302 ms
2021-12-19 17:18:44.719 [main] INFO  c.a.d.s.b.a.DruidDataSourceAutoConfigure-Init DruidDataSource
2021-12-19 17:18:45.152 [main] INFO  com.alibaba.druid.pool.DruidDataSource-{dataSource-1} inited
2021-12-19 17:18:46.038 [main] INFO  o.s.b.actuate.endpoint.web.EndpointLinksResolver-Exposing 2 endpoint(s) beneath base path '/actuator'
2021-12-19 17:18:46.128 [main] INFO  o.s.scheduling.concurrent.ThreadPoolTaskExecutor-Initializing ExecutorService 'applicationTaskExecutor'
2021-12-19 17:18:46.302 [main] INFO  org.apache.coyote.http11.Http11NioProtocol-Starting ProtocolHandler ["http-nio-8080"]
2021-12-19 17:18:46.315 [main] INFO  o.s.boot.web.embedded.tomcat.TomcatWebServer-Tomcat started on port(s): 8080 (http) with context path ''
2021-12-19 17:18:46.483 [main] INFO  com.lx.mall.MallApplication-Started MallApplication in 3.495 seconds (JVM running for 4.071)
2021-12-19 17:18:47.014 [RMI TCP Connection(2)-192.168.6.105] INFO  o.a.c.core.ContainerBase.[Tomcat].[localhost].[/]-Initializing Spring DispatcherServlet 'dispatcherServlet'
2021-12-19 17:18:47.014 [RMI TCP Connection(2)-192.168.6.105] INFO  org.springframework.web.servlet.DispatcherServlet-Initializing Servlet 'dispatcherServlet'
2021-12-19 17:18:47.019 [RMI TCP Connection(2)-192.168.6.105] INFO  org.springframework.web.servlet.DispatcherServlet-Completed initialization in 4 ms
2021-12-19 19:22:33.273 [http-nio-8080-exec-7] INFO  org.apache.tomcat.util.http.parser.Cookie-A cookie header was received [1639892822,1639893043,1639904896; Hm_lpvt_eaa57ca47dacb4ad4f5a257001a3457c=1639904896] that contained an invalid cookie. That cookie will be ignored.
 Note: further occurrences of this error will be logged at DEBUG level.
2021-12-19 19:24:47.628 [SpringContextShutdownHook] INFO  o.s.scheduling.concurrent.ThreadPoolTaskExecutor-Shutting down ExecutorService 'applicationTaskExecutor'
2021-12-19 19:24:47.636 [SpringContextShutdownHook] INFO  com.alibaba.druid.pool.DruidDataSource-{dataSource-1} closed
